TN:
SF:src/App.jsx
FN:10,App
FN:13,(anonymous_1)
FN:19,(anonymous_2)
FN:29,(anonymous_3)
FN:36,(anonymous_4)
FNF:5
FNH:5
FNDA:11,App
FNDA:8,(anonymous_1)
FNDA:2,(anonymous_2)
FNDA:2,(anonymous_3)
FNDA:1,(anonymous_4)
DA:11,11
DA:12,11
DA:13,11
DA:14,8
DA:15,8
DA:16,1
DA:19,11
DA:20,2
DA:21,2
DA:26,11
DA:27,11
DA:29,2
DA:36,1
LF:13
LH:13
BRDA:15,0,0,1
BRDA:15,0,1,7
BRDA:15,1,0,8
BRDA:15,1,1,2
BRF:4
BRH:4
end_of_record
TN:
SF:src/constants.js
FNF:0
FNH:0
DA:6,5
DA:7,5
DA:9,5
LF:3
LH:3
BRF:0
BRH:0
end_of_record
TN:
SF:src/components/Card.jsx
FN:1,Card
FN:9,(anonymous_1)
FNF:2
FNH:2
FNDA:53,Card
FNDA:2,(anonymous_1)
DA:2,53
DA:9,2
LF:2
LH:2
BRF:0
BRH:0
end_of_record
TN:
SF:src/components/Cart.jsx
FN:3,Cart
FN:21,(anonymous_1)
FN:36,(anonymous_2)
FN:37,(anonymous_3)
FN:50,(anonymous_4)
FNF:5
FNH:5
FNDA:20,Cart
FNDA:4,(anonymous_1)
FNDA:1,(anonymous_2)
FNDA:2,(anonymous_3)
FNDA:12,(anonymous_4)
DA:4,20
DA:5,20
DA:6,14
DA:7,14
DA:8,14
DA:9,2
DA:10,2
DA:11,1
DA:13,1
DA:16,12
DA:20,20
DA:21,20
DA:22,4
DA:23,6
DA:24,3
DA:25,2
DA:28,6
DA:29,3
DA:30,2
DA:34,4
DA:36,20
DA:37,1
DA:39,2
DA:45,1
DA:47,20
DA:51,12
LF:26
LH:26
BRDA:8,0,0,2
BRDA:8,0,1,12
BRDA:10,1,0,1
BRDA:10,1,1,1
BRDA:20,2,0,20
BRDA:20,2,1,0
BRDA:23,3,0,3
BRDA:23,3,1,3
BRDA:24,4,0,2
BRDA:24,4,1,1
BRDA:24,5,0,3
BRDA:24,5,1,2
BRDA:28,6,0,3
BRDA:28,6,1,3
BRDA:29,7,0,2
BRDA:29,7,1,1
BRDA:29,8,0,3
BRDA:29,8,1,2
BRDA:40,9,0,2
BRDA:40,9,1,1
BRDA:40,9,2,1
BRF:21
BRH:20
end_of_record
TN:
SF:src/components/CartItem.jsx
FN:6,CartItem
FN:34,(anonymous_1)
FN:49,(anonymous_2)
FN:63,(anonymous_3)
FNF:4
FNH:4
FNDA:22,CartItem
FNDA:3,(anonymous_1)
FNDA:3,(anonymous_2)
FNDA:2,(anonymous_3)
DA:13,22
DA:14,22
DA:16,22
DA:35,3
DA:36,3
DA:50,3
DA:51,3
DA:64,2
LF:8
LH:8
BRF:0
BRH:0
end_of_record
TN:
SF:src/components/Nav.jsx
FN:8,Nav
FN:18,(anonymous_1)
FN:28,(anonymous_2)
FNF:3
FNH:3
FNDA:18,Nav
FNDA:2,(anonymous_1)
FNDA:90,(anonymous_2)
DA:6,2
DA:9,18
DA:10,18
DA:18,2
DA:29,90
LF:5
LH:5
BRDA:25,0,0,18
BRDA:25,0,1,17
BRDA:31,1,0,18
BRDA:31,1,1,72
BRDA:31,2,0,90
BRDA:31,2,1,72
BRDA:31,2,2,36
BRF:7
BRH:7
end_of_record
TN:
SF:src/components/NewArrivalsSection.jsx
FN:3,NewArrivalsSection
FN:4,(anonymous_1)
FN:22,(anonymous_2)
FNF:3
FNH:3
FNDA:14,NewArrivalsSection
FNDA:1,(anonymous_1)
FNDA:50,(anonymous_2)
DA:4,14
DA:5,1
DA:11,1
DA:13,14
DA:23,50
LF:5
LH:5
BRF:0
BRH:0
end_of_record
TN:
SF:src/components/Select.jsx
FN:4,Select
FN:18,(anonymous_1)
FN:23,(anonymous_2)
FNF:3
FNH:3
FNDA:83,Select
FNDA:9,(anonymous_1)
FNDA:483,(anonymous_2)
DA:11,83
DA:18,9
DA:24,483
LF:3
LH:3
BRDA:8,0,0,38
BRF:1
BRH:1
end_of_record
TN:
SF:src/components/ShoeDetail.jsx
FN:6,ShoeDetail
FN:10,(anonymous_1)
FN:49,(anonymous_2)
FN:55,(anonymous_3)
FNF:4
FNH:4
FNDA:17,ShoeDetail
FNDA:3,(anonymous_1)
FNDA:1,(anonymous_2)
FNDA:1,(anonymous_3)
DA:7,17
DA:8,17
DA:10,17
DA:11,3
DA:27,3
DA:29,17
DA:49,1
DA:55,1
LF:8
LH:8
BRF:0
BRH:0
end_of_record
TN:
SF:src/components/Sidebar.jsx
FN:1,Sidebar
FNF:1
FNH:1
FNDA:15,Sidebar
DA:2,15
LF:1
LH:1
BRDA:5,0,0,5
BRDA:5,0,1,10
BRDA:15,1,0,15
BRDA:15,1,1,5
BRF:4
BRH:4
end_of_record
